[2J[01;01H[=3h[2J[01;01HBdsDxe: loading Boot0001 "UEFI QEMU DVD-ROM QM00003 " from PciRoot(0x0)/Pci(0x1,0x1)/Ata(Secondary,Master,0x0)
BdsDxe: starting Boot0001 "UEFI QEMU DVD-ROM QM00003 " from PciRoot(0x0)/Pci(0x1,0x1)/Ata(Secondary,Master,0x0)
  Booting `wukkOS basic kernel'

WARNING: no console will be available to OS
error: no suitable video mode found.
using serial port 0 as console
debug: setup GDT
debug: GDT loaded
debug: CS set
debug: SS set
debug: TSS loaded
debug: IDT loaded



welcome to wukkOS!
(c) 2022 Real Microsoft, LLC
initialising mapper...[OK]
initialising frame allocator...[OK]
initialising heap...[OK]
testing heap...[OK]
checking for apic compatibility...[OK]
disabling PIC...[OK]
initialising apic...[debug] read_phys_memory32: addr fee000f0 not mapped
[debug] allocated frame: PhysFrame[4KiB](0x1c000)
[debug] mapped page: Page[4KiB](0xfee00000)
[debug] map_to_result: Ok(MapperFlush(Page[4KiB](0xfee00000)))
[OK]
setting up apic interrupts...[debug] read_phys_memory32: addr 1fb7d000 not mapped
